<?xml version="1.0" encoding="UTF-8"?>
<testng-results skipped="0" failed="0" ignored="0" total="2" passed="2">
  <reporter-output>
  </reporter-output>
  <suite name="Default suite" duration-ms="70" started-at="2020-04-12T18:01:33Z" finished-at="2020-04-12T18:01:33Z">
    <groups>
    </groups>
    <test name="Default test" duration-ms="70" started-at="2020-04-12T18:01:33Z" finished-at="2020-04-12T18:01:33Z">
      <class name="com.qa.tests.DemoTest">
        <test-method status="PASS" signature="sub()[pri:0, instance:com.qa.tests.DemoTest@5034c75a]" name="sub" duration-ms="22" started-at="2020-04-12T23:31:33Z" finished-at="2020-04-12T23:31:33Z">
          <reporter-output>
          </reporter-output>
        </test-method> <!-- sub -->
        <test-method status="PASS" signature="sum()[pri:0, instance:com.qa.tests.DemoTest@5034c75a]" name="sum" duration-ms="2" started-at="2020-04-12T23:31:33Z" finished-at="2020-04-12T23:31:33Z">
          <reporter-output>
          </reporter-output>
        </test-method> <!-- sum -->
      </class> <!-- com.qa.tests.DemoTest -->
    </test> <!-- Default test -->
  </suite> <!-- Default suite -->
</testng-results>
